controllers/Conhecimento.php: Conteudo(129) # Unable to load template file 'UserForm.tpl' in '../User/UserMustLogin.tpl'
controllers/Conhecimento.php: Conteudo(129) # Unable to load template file 'UserForm.tpl' in '../User/UserMustLogin.tpl'
controllers/Conhecimento.php: Conteudo(129) # Unable to load template file 'UserForm.tpl' in '../User/UserMustLogin.tpl'
controllers/Conhecimento.php: Conteudo(129) # Unable to load template file 'UserForm.tpl' in '../User/UserMustLogin.tpl'
controllers/Conhecimento.php: Conteudo(589) # sqlsrv_fetch_array() expects parameter 1 to be resource, boolean given
controllers/Conhecimento.php: Conteudo(589) # sqlsrv_fetch_array() expects parameter 1 to be resource, null given
controllers/Produtos.php: Detalhes(123) # Undefined index: strNome
controllers/Produtos.php: Detalhes(123) # Undefined index: strNome
controllers/Produtos.php: Detalhes(123) # Undefined index: strNome
controllers/Produtos.php: Detalhes(123) # Undefined index: strNome
controllers/Produtos.php: Detalhes(123) # Undefined index: strNome
controllers/Produtos.php: Detalhes(123) # Undefined index: strNome
controllers/Produtos.php: Detalhes(123) # Undefined index: strNome
controllers/Produtos.php: Detalhes(123) # Undefined index: strNome
controllers/Produtos.php: Detalhes(123) # Undefined index: strNome
controllers/Produtos.php: Detalhes(123) # Undefined index: strNome
controllers/Produtos.php: Detalhes(123) # Undefined index: strNome
controllers/Produtos.php: Detalhes(123) # Undefined index: strNome
controllers/Produtos.php: Detalhes(123) # Undefined index: strNome
controllers/Produtos.php: Detalhes(123) # Undefined index: strNome
controllers/Produtos.php: Detalhes(123) # Undefined index: strNome
controllers/Produtos.php: Download(205) # Undefined index: strTitulo
